<?xml version="1.0" encoding="UTF-8"?>
<!-- Generated by org.testng.reporters.JUnitXMLReporter -->
<testsuite hostname="MUNI-VAIO" ignored="0" name="TestFirefox" tests="2" failures="1" timestamp="28 Oct 2017 12:20:14 GMT" time="101.133" errors="0">
  <testcase name="testValidLogin" time="34.912" classname="scripts.ValidLogin">
    <failure type="org.openqa.selenium.NoSuchElementException" message="Unable to locate element: //form[contains(@action,&amp;apos;logout.php&amp;apos;)]/..
For documentation on this error, please visit: http://seleniumhq.org/exceptions/no_such_element.html
Build info: version: &amp;apos;3.6.0&amp;apos;, revision: &amp;apos;6fbf3ec767&amp;apos;, time: &amp;apos;2017-09-27T16:15:40.131Z&amp;apos;
System info: host: &amp;apos;MUNI-VAIO&amp;apos;, ip: &amp;apos;192.168.2.8&amp;apos;, os.name: &amp;apos;Windows 7&amp;apos;, os.arch: &amp;apos;amd64&amp;apos;, os.version: &amp;apos;6.1&amp;apos;, java.version: &amp;apos;1.8.0_144&amp;apos;
Driver info: org.openqa.selenium.firefox.FirefoxDriver
Capabilities [{moz:profile=C:\Users\MUNI\AppData\Local\Temp\rust_mozprofile.0i5nLk6Z0QWd, rotatable=false, timeouts={implicit=0, pageLoad=300000, script=30000}, pageLoadStrategy=normal, platform=XP, specificationLevel=0, moz:accessibilityChecks=false, acceptInsecureCerts=true, browserVersion=54.0, platformVersion=6.1, moz:processID=10188, browserName=firefox, javascriptEnabled=true, platformName=XP}]
Session ID: 5cb8d5f8-2cca-424b-a615-6a4576c989d1
*** Element info: {Using=xpath, value=//form[contains(@action,&amp;apos;logout.php&amp;apos;)]/..}">
      <![CDATA[org.openqa.selenium.NoSuchElementException: Unable to locate element: //form[contains(@action,'logout.php')]/..
For documentation on this error, please visit: http://seleniumhq.org/exceptions/no_such_element.html
Build info: version: '3.6.0', revision: '6fbf3ec767', time: '2017-09-27T16:15:40.131Z'
System info: host: 'MUNI-VAIO', ip: '192.168.2.8', os.name: 'Windows 7', os.arch: 'amd64', os.version: '6.1', java.version: '1.8.0_144'
Driver info: org.openqa.selenium.firefox.FirefoxDriver
Capabilities [{moz:profile=C:\Users\MUNI\AppData\Local\Temp\rust_mozprofile.0i5nLk6Z0QWd, rotatable=false, timeouts={implicit=0, pageLoad=300000, script=30000}, pageLoadStrategy=normal, platform=XP, specificationLevel=0, moz:accessibilityChecks=false, acceptInsecureCerts=true, browserVersion=54.0, platformVersion=6.1, moz:processID=10188, browserName=firefox, javascriptEnabled=true, platformName=XP}]
Session ID: 5cb8d5f8-2cca-424b-a615-6a4576c989d1
*** Element info: {Using=xpath, value=//form[contains(@action,'logout.php')]/..}
	at org.openqa.selenium.remote.http.W3CHttpResponseCodec.createException(W3CHttpResponseCodec.java:185)
	at org.openqa.selenium.remote.http.W3CHttpResponseCodec.decode(W3CHttpResponseCodec.java:120)
	at org.openqa.selenium.remote.http.W3CHttpResponseCodec.decode(W3CHttpResponseCodec.java:49)
	at org.openqa.selenium.remote.HttpCommandExecutor.execute(HttpCommandExecutor.java:164)
	at org.openqa.selenium.remote.service.DriverCommandExecutor.execute(DriverCommandExecutor.java:83)
	at org.openqa.selenium.remote.RemoteWebDriver.execute(RemoteWebDriver.java:586)
	at org.openqa.selenium.remote.RemoteWebDriver.findElement(RemoteWebDriver.java:356)
	at org.openqa.selenium.remote.RemoteWebDriver.findElementByXPath(RemoteWebDriver.java:458)
	at org.openqa.selenium.By$ByXPath.findElement(By.java:361)
	at org.openqa.selenium.remote.RemoteWebDriver.findElement(RemoteWebDriver.java:348)
	at org.openqa.selenium.support.pagefactory.DefaultElementLocator.findElement(DefaultElementLocator.java:69)
	at org.openqa.selenium.support.pagefactory.internal.LocatingElementHandler.invoke(LocatingElementHandler.java:38)
	at com.sun.proxy.$Proxy10.click(Unknown Source)
	at page.HomePage.clickLogout(HomePage.java:42)
	at scripts.ValidLogin.testValidLogin(ValidLogin.java:43)
	at java.util.concurrent.FutureTask.run(Unknown Source)
	at java.util.concurrent.ThreadPoolExecutor.runWorker(Unknown Source)
	at java.util.concurrent.ThreadPoolExecutor$Worker.run(Unknown Source)
	at java.lang.Thread.run(Unknown Source)
... Removed 20 stack frames]]>
    </failure>
  </testcase> <!-- testValidLogin -->
  <testcase name="testVerifyProfileName" time="29.688" classname="scripts.VerifyProfileName"/>
</testsuite> <!-- TestFirefox -->
